<?xml version="1.0" encoding="UTF-8"?>
<testng-results skipped="0" failed="0" total="3" passed="3">
  <reporter-output>
  </reporter-output>
  <suite name="Default suite" duration-ms="74313" started-at="2016-08-13T06:24:52Z" finished-at="2016-08-13T06:26:07Z">
    <groups>
    </groups>
    <test name="Default test" duration-ms="74313" started-at="2016-08-13T06:24:52Z" finished-at="2016-08-13T06:26:07Z">
      <class name="Sample">
        <test-method status="PASS" signature="setup()[pri:0, instance:Sample@50c87b21]" name="setup" is-config="true" duration-ms="4901" started-at="2016-08-13T11:54:52Z" finished-at="2016-08-13T11:54:57Z">
          <reporter-output>
          </reporter-output>
        </test-method> <!-- setup -->
        <test-method status="PASS" signature="frame1HandleTest()[pri:0, instance:Sample@50c87b21]" name="frame1HandleTest" duration-ms="40325" started-at="2016-08-13T11:54:57Z" finished-at="2016-08-13T11:55:37Z">
          <reporter-output>
          </reporter-output>
        </test-method> <!-- frame1HandleTest -->
        <test-method status="PASS" signature="quit()[pri:0, instance:Sample@50c87b21]" name="quit" is-config="true" duration-ms="282" started-at="2016-08-13T11:55:37Z" finished-at="2016-08-13T11:55:38Z">
          <reporter-output>
          </reporter-output>
        </test-method> <!-- quit -->
        <test-method status="PASS" signature="setup()[pri:0, instance:Sample@50c87b21]" name="setup" is-config="true" duration-ms="4045" started-at="2016-08-13T11:55:38Z" finished-at="2016-08-13T11:55:42Z">
          <reporter-output>
          </reporter-output>
        </test-method> <!-- setup -->
        <test-method status="PASS" signature="frame2HandleTest()[pri:0, instance:Sample@50c87b21]" name="frame2HandleTest" duration-ms="20271" started-at="2016-08-13T11:55:42Z" finished-at="2016-08-13T11:56:02Z">
          <reporter-output>
          </reporter-output>
        </test-method> <!-- frame2HandleTest -->
        <test-method status="PASS" signature="quit()[pri:0, instance:Sample@50c87b21]" name="quit" is-config="true" duration-ms="176" started-at="2016-08-13T11:56:02Z" finished-at="2016-08-13T11:56:02Z">
          <reporter-output>
          </reporter-output>
        </test-method> <!-- quit -->
        <test-method status="PASS" signature="setup()[pri:0, instance:Sample@50c87b21]" name="setup" is-config="true" duration-ms="3831" started-at="2016-08-13T11:56:02Z" finished-at="2016-08-13T11:56:06Z">
          <reporter-output>
          </reporter-output>
        </test-method> <!-- setup -->
        <test-method status="PASS" signature="frame3HandleTest()[pri:0, instance:Sample@50c87b21]" name="frame3HandleTest" duration-ms="261" started-at="2016-08-13T11:56:06Z" finished-at="2016-08-13T11:56:06Z">
          <reporter-output>
          </reporter-output>
        </test-method> <!-- frame3HandleTest -->
        <test-method status="PASS" signature="quit()[pri:0, instance:Sample@50c87b21]" name="quit" is-config="true" duration-ms="180" started-at="2016-08-13T11:56:06Z" finished-at="2016-08-13T11:56:07Z">
          <reporter-output>
          </reporter-output>
        </test-method> <!-- quit -->
      </class> <!-- Sample -->
    </test> <!-- Default test -->
  </suite> <!-- Default suite -->
</testng-results>
