<?xml version="1.0" encoding="UTF-8"?>
<testng-results skipped="0" failed="0" total="2" passed="2">
  <reporter-output>
  </reporter-output>
  <suite name="Default suite" duration-ms="61609" started-at="2016-08-26T05:05:34Z" finished-at="2016-08-26T05:06:35Z">
    <groups>
    </groups>
    <test name="Default test" duration-ms="61609" started-at="2016-08-26T05:05:34Z" finished-at="2016-08-26T05:06:35Z">
      <class name="tests.Way2smslogintests">
        <test-method status="PASS" signature="setup()[pri:0, instance:tests.Way2smslogintests@6a024a67]" name="setup" is-config="true" duration-ms="6568" started-at="2016-08-26T10:35:34Z" finished-at="2016-08-26T10:35:40Z">
          <reporter-output>
          </reporter-output>
        </test-method> <!-- setup -->
        <test-method status="PASS" signature="validsignIn()[pri:0, instance:tests.Way2smslogintests@6a024a67]" name="validsignIn" duration-ms="14931" started-at="2016-08-26T10:35:40Z" finished-at="2016-08-26T10:35:55Z">
          <reporter-output>
          </reporter-output>
        </test-method> <!-- validsignIn -->
        <test-method status="PASS" signature="quit()[pri:0, instance:tests.Way2smslogintests@6a024a67]" name="quit" is-config="true" duration-ms="1483" started-at="2016-08-26T10:35:55Z" finished-at="2016-08-26T10:35:57Z">
          <reporter-output>
          </reporter-output>
        </test-method> <!-- quit -->
        <test-method status="PASS" signature="setup()[pri:0, instance:tests.Way2smslogintests@6a024a67]" name="setup" is-config="true" duration-ms="5466" started-at="2016-08-26T10:35:57Z" finished-at="2016-08-26T10:36:02Z">
          <reporter-output>
          </reporter-output>
        </test-method> <!-- setup -->
        <test-method status="PASS" signature="InvalidsignIn()[pri:1, instance:tests.Way2smslogintests@6a024a67]" name="InvalidsignIn" duration-ms="32544" started-at="2016-08-26T10:36:02Z" finished-at="2016-08-26T10:36:35Z">
          <reporter-output>
          </reporter-output>
        </test-method> <!-- InvalidsignIn -->
        <test-method status="PASS" signature="quit()[pri:0, instance:tests.Way2smslogintests@6a024a67]" name="quit" is-config="true" duration-ms="564" started-at="2016-08-26T10:36:35Z" finished-at="2016-08-26T10:36:35Z">
          <reporter-output>
          </reporter-output>
        </test-method> <!-- quit -->
      </class> <!-- tests.Way2smslogintests -->
    </test> <!-- Default test -->
  </suite> <!-- Default suite -->
</testng-results>
