<?xml version="1.0" encoding="UTF-8"?>
<!-- Generated by org.testng.reporters.JUnitXMLReporter -->
<testsuite hostname="venkat" name="retesting" tests="4" failures="0" timestamp="9 Aug 2016 10:28:20 GMT" time="4.115" errors="0">
  <testcase name="gmaillogin" time="2.394" classname="pageobjectmodel.Gmailpage"/>
  <testcase name="username" time="0.287" classname="pageobjectmodel.Gmailpage"/>
  <testcase name="password" time="0.91" classname="pageobjectmodel.Gmailpage"/>
  <testcase name="signin" time="0.48" classname="pageobjectmodel.Gmailpage"/>
</testsuite> <!-- retesting -->
