<?xml version="1.0" encoding="UTF-8"?>
<testng-results skipped="0" failed="0" total="1" passed="1">
  <reporter-output>
  </reporter-output>
  <suite name="Default suite" duration-ms="11973" started-at="2016-08-30T08:17:07Z" finished-at="2016-08-30T08:17:19Z">
    <groups>
    </groups>
    <test name="Default test" duration-ms="11973" started-at="2016-08-30T08:17:07Z" finished-at="2016-08-30T08:17:19Z">
      <class name="icicinetbanking">
        <test-method status="PASS" signature="setup()[pri:0, instance:icicinetbanking@5056dfcb]" name="setup" is-config="true" duration-ms="9398" started-at="2016-08-30T13:47:08Z" finished-at="2016-08-30T13:47:17Z">
          <reporter-output>
          </reporter-output>
        </test-method> <!-- setup -->
        <test-method status="PASS" signature="login(java.lang.String, java.lang.String)[pri:0, instance:icicinetbanking@5056dfcb]" name="login" duration-ms="2539" started-at="2016-08-30T13:47:17Z" data-provider="name and password" finished-at="2016-08-30T13:47:19Z">
          <params>
            <param index="0">
              <value>
                <![CDATA[532673306]]>
              </value>
            </param>
            <param index="1">
              <value>
                <![CDATA[snehithareddy@3]]>
              </value>
            </param>
          </params>
          <reporter-output>
          </reporter-output>
        </test-method> <!-- login -->
      </class> <!-- icicinetbanking -->
    </test> <!-- Default test -->
  </suite> <!-- Default suite -->
</testng-results>
