<?xml version="1.0" encoding="UTF-8"?>
<testng-results skipped="0" failed="0" total="4" passed="4">
  <reporter-output>
  </reporter-output>
  <suite name="Default suite" duration-ms="5331" started-at="2016-08-10T07:24:18Z" finished-at="2016-08-10T07:24:24Z">
    <groups>
    </groups>
    <test name="Default test" duration-ms="5331" started-at="2016-08-10T07:24:18Z" finished-at="2016-08-10T07:24:24Z">
      <class name="pageobjectmodel.Gmailpage">
        <test-method status="PASS" signature="gmaillogin()[pri:0, instance:pageobjectmodel.Gmailpage@53aad5d5]" name="gmaillogin" duration-ms="3317" started-at="2016-08-10T12:54:18Z" finished-at="2016-08-10T12:54:22Z">
          <reporter-output>
          </reporter-output>
        </test-method> <!-- gmaillogin -->
        <test-method status="PASS" signature="username()[pri:1, instance:pageobjectmodel.Gmailpage@53aad5d5]" name="username" duration-ms="310" started-at="2016-08-10T12:54:22Z" finished-at="2016-08-10T12:54:22Z">
          <reporter-output>
          </reporter-output>
        </test-method> <!-- username -->
        <test-method status="PASS" signature="password()[pri:2, instance:pageobjectmodel.Gmailpage@53aad5d5]" name="password" duration-ms="1043" started-at="2016-08-10T12:54:22Z" finished-at="2016-08-10T12:54:23Z">
          <reporter-output>
          </reporter-output>
        </test-method> <!-- password -->
        <test-method status="PASS" signature="signin()[pri:3, instance:pageobjectmodel.Gmailpage@53aad5d5]" name="signin" duration-ms="607" started-at="2016-08-10T12:54:23Z" finished-at="2016-08-10T12:54:23Z">
          <reporter-output>
          </reporter-output>
        </test-method> <!-- signin -->
      </class> <!-- pageobjectmodel.Gmailpage -->
    </test> <!-- Default test -->
  </suite> <!-- Default suite -->
</testng-results>
