<?xml version="1.0" encoding="UTF-8"?>
<!-- Generated by org.testng.reporters.JUnitXMLReporter -->
<testsuite hostname="venkat" name="order" tests="5" failures="0" timestamp="10 Aug 2016 07:12:37 GMT" time="10.864" errors="0">
  <testcase name="googlesearching" time="3.492" classname="google.free.codes.Googlecodes"/>
  <testcase name="search" time="0.001" classname="google.free.codes.Googlecodes"/>
  <testcase name="news" time="1.109" classname="google.free.codes.Googlenews"/>
  <testcase name="mapclick" time="3.953" classname="google.free.codes.Googlemaps"/>
  <testcase name="videos" time="2.272" classname="google.free.codes.googlevideos"/>
</testsuite> <!-- order -->
