<?xml version="1.0" encoding="UTF-8"?>
<!-- Generated by org.testng.reporters.JUnitXMLReporter -->
<testsuite hostname="venkat" tests="6" failures="0" timestamp="9 Aug 2016 04:42:13 GMT" time="45.32" errors="0">
  <testcase name="mvr1" time="20.206" classname="Usexml"/>
  <testcase name="mvr2" time="20.181" classname="Usexml"/>
  <testcase name="mvr3" time="0.0" classname="Usexml"/>
  <testcase name="mvr4" time="0.0" classname="Usexml"/>
  <testcase name="mvr5" time="0.0" classname="Usexml"/>
  <testcase name="mvr6" time="0.0" classname="Usexml"/>
</testsuite>
