<?xml version="1.0" encoding="UTF-8"?>
<!-- Generated by org.testng.reporters.JUnitXMLReporter -->
<testsuite hostname="venkat" name="Retesting" tests="5" failures="1" timestamp="20 Aug 2016 09:31:11 GMT" time="120.953" errors="0">
  <testcase name="validsignIn" time="12.673" classname="tests.Way2smslogintests"/>
  <testcase name="InvalidsignIn" time="11.565" classname="tests.Way2smslogintests"/>
  <testcase name="validsendsms" time="11.663" classname="tests.Sendsmstests"/>
  <testcase name="Invalidsendsms" time="13.071" classname="tests.Sendsmstests">
    <failure type="org.openqa.selenium.UnhandledAlertException" message="Unexpected modal dialog (text: Please Enter Valid Mobile Number): Please Enter Valid Mobile Number
Build info: version: &amp;apos;2.53.1&amp;apos;, revision: &amp;apos;a36b8b1&amp;apos;, time: &amp;apos;2016-06-30 17:37:03&amp;apos;
System info: host: &amp;apos;venkat&amp;apos;, ip: &amp;apos;192.168.0.124&amp;apos;, os.name: &amp;apos;Windows 7&amp;apos;, os.arch: &amp;apos;amd64&amp;apos;, os.version: &amp;apos;6.1&amp;apos;, java.version: &amp;apos;1.8.0_91&amp;apos;
Driver info: org.openqa.selenium.firefox.FirefoxDriver
Capabilities [{applicationCacheEnabled=true, rotatable=false, handlesAlerts=true, databaseEnabled=true, version=42.0, platform=WINDOWS, nativeEvents=false, acceptSslCerts=true, webStorageEnabled=true, locationContextEnabled=true, browserName=firefox, takesScreenshot=true, javascriptEnabled=true, cssSelectorsEnabled=true}]
Session ID: e5e9ee9b-4658-4d4b-b33f-72def125991c
*** Element info: {Using=xpath, value=html/body/form/div[3]/div/p/span}">
      <![CDATA[org.openqa.selenium.UnhandledAlertException: Unexpected modal dialog (text: Please Enter Valid Mobile Number): Please Enter Valid Mobile Number
Build info: version: '2.53.1', revision: 'a36b8b1', time: '2016-06-30 17:37:03'
System info: host: 'venkat', ip: '192.168.0.124', os.name: 'Windows 7', os.arch: 'amd64', os.version: '6.1', java.version: '1.8.0_91'
Driver info: org.openqa.selenium.firefox.FirefoxDriver
Capabilities [{applicationCacheEnabled=true, rotatable=false, handlesAlerts=true, databaseEnabled=true, version=42.0, platform=WINDOWS, nativeEvents=false, acceptSslCerts=true, webStorageEnabled=true, locationContextEnabled=true, browserName=firefox, takesScreenshot=true, javascriptEnabled=true, cssSelectorsEnabled=true}]
Session ID: e5e9ee9b-4658-4d4b-b33f-72def125991c
*** Element info: {Using=xpath, value=html/body/form/div[3]/div/p/span}
	at org.openqa.selenium.remote.ErrorHandler.createThrowable(ErrorHandler.java:206)
	at org.openqa.selenium.remote.ErrorHandler.createUnhandledAlertException(ErrorHandler.java:187)
	at org.openqa.selenium.remote.ErrorHandler.throwIfResponseFailed(ErrorHandler.java:154)
	at org.openqa.selenium.remote.RemoteWebDriver.execute(RemoteWebDriver.java:678)
	at org.openqa.selenium.remote.RemoteWebDriver.findElement(RemoteWebDriver.java:363)
	at org.openqa.selenium.remote.RemoteWebDriver.findElementByXPath(RemoteWebDriver.java:500)
	at org.openqa.selenium.By$ByXPath.findElement(By.java:361)
	at org.openqa.selenium.remote.RemoteWebDriver.findElement(RemoteWebDriver.java:355)
	at tests.Sendsmstests.Invalidsendsms(Sendsmstests.java:43)
... Removed 28 stack frames]]>
    </failure>
  </testcase> <!-- Invalidsendsms -->
  <testcase name="logout" time="3.48" classname="tests.Way2smslogouttests"/>
</testsuite> <!-- Retesting -->
