<?xml version="1.0" encoding="UTF-8"?>
<!-- Generated by org.testng.reporters.JUnitXMLReporter -->
<testsuite hostname="viswas-PC" tests="1" failures="0" timestamp="3 Aug 2016 10:00:57 GMT" time="0.079" errors="0">
  <testcase name="@BeforeTest setup" time="0.0" classname="Usexml">
    <failure type="org.testng.TestNGException" message="
Parameter &amp;apos;url&amp;apos; is required by @Configuration on method setup but has not been marked @Optional or defined
in C:\Users\viswas\workspace\Xmlcode\test-output\Failed suite [Default suite]\testng-failed.xml">
      <![CDATA[org.testng.TestNGException: 
Parameter 'url' is required by @Configuration on method setup but has not been marked @Optional or defined
in C:\Users\viswas\workspace\Xmlcode\test-output\Failed suite [Default suite]\testng-failed.xml
... Removed 19 stack frames]]>
    </failure>
  </testcase> <!-- @BeforeTest setup -->
  <testcase name="mvr1" time="0.01" classname="Usexml">
    <skipped/>
  </testcase> <!-- mvr1 -->
</testsuite>
