<?xml version="1.0" encoding="UTF-8"?>
<!-- Generated by org.testng.reporters.JUnitXMLReporter -->
<testsuite hostname="venkat" name="Default test" tests="4" failures="0" timestamp="10 Aug 2016 07:24:24 GMT" time="5.331" errors="0">
  <testcase name="gmaillogin" time="3.317" classname="pageobjectmodel.Gmailpage"/>
  <testcase name="username" time="0.31" classname="pageobjectmodel.Gmailpage"/>
  <testcase name="password" time="1.043" classname="pageobjectmodel.Gmailpage"/>
  <testcase name="signin" time="0.607" classname="pageobjectmodel.Gmailpage"/>
</testsuite> <!-- Default test -->
